{
  "RSpec": {
    "coverage": {
      "/Users/NolanC/Git_Projects/reciperoulette/spec/controllers/recipe_controller_spec.rb": [
        1,
        null,
        1,
        null,
        null
      ],
      "/Users/NolanC/Git_Projects/reciperoulette/spec/rails_helper.rb": [
        null,
        1,
        1,
        1,
        1,
        null,
        null,
        null,
        null,
        null,
        null,
        null,
        null,
        2,
        null,
        null,
        null,
        1,
        null,
        1,
        null,
        1,
        null,
        null,
        null,
        null,
        1,
        null,
        null,
        null,
        null,
        null,
        null,
        null,
        null,
        null,
        null,
        null,
        null,
        null,
        null,
        1,
        null
      ],
      "/Users/NolanC/Git_Projects/reciperoulette/config/environment.rb": [
        null,
        1,
        null,
        null,
        1
      ],
      "/Users/NolanC/Git_Projects/reciperoulette/config/application.rb": [
        1,
        null,
        1,
        null,
        null,
        null,
        1,
        null,
        1,
        1,
        null,
        null,
        null,
        null,
        null,
        null,
        null,
        null,
        null,
        null,
        null,
        null,
        null
      ],
      "/Users/NolanC/Git_Projects/reciperoulette/config/boot.rb": [
        null,
        1,
        null,
        1
      ],
      "/Users/NolanC/Git_Projects/reciperoulette/config/environments/test.rb": [
        1,
        null,
        null,
        null,
        null,
        null,
        null,
        1,
        null,
        null,
        null,
        null,
        1,
        null,
        null,
        1,
        1,
        null,
        null,
        1,
        1,
        null,
        null,
        1,
        null,
        null,
        1,
        null,
        null,
        null,
        null,
        1,
        null,
        null,
        1,
        null,
        null,
        null,
        null
      ],
      "/Users/NolanC/Git_Projects/reciperoulette/config/initializers/assets.rb": [
        null,
        null,
        null,
        1,
        null,
        null,
        null,
        null
      ],
      "/Users/NolanC/Git_Projects/reciperoulette/config/initializers/backtrace_silencers.rb": [
        null,
        null,
        null,
        null,
        null,
        null,
        null
      ],
      "/Users/NolanC/Git_Projects/reciperoulette/config/initializers/cookies_serializer.rb": [
        null,
        null,
        1
      ],
      "/Users/NolanC/Git_Projects/reciperoulette/config/initializers/devise.rb": [
        null,
        null,
        1,
        null,
        null,
        null,
        null,
        null,
        null,
        null,
        null,
        null,
        1,
        null,
        null,
        null,
        null,
        null,
        null,
        null,
        null,
        1,
        null,
        null,
        null,
        null,
        null,
        null,
        null,
        null,
        null,
        null,
        null,
        null,
        null,
        null,
        null,
        null,
        null,
        null,
        null,
        null,
        null,
        1,
        null,
        null,
        null,
        null,
        1,
        null,
        null,
        null,
        null,
        null,
        null,
        null,
        null,
        null,
        null,
        null,
        null,
        null,
        null,
        null,
        null,
        null,
        null,
        null,
        null,
        null,
        null,
        null,
        null,
        null,
        null,
        null,
        null,
        null,
        null,
        1,
        null,
        null,
        null,
        null,
        null,
        null,
        null,
        null,
        null,
        null,
        null,
        null,
        null,
        null,
        null,
        null,
        1,
        null,
        null,
        null,
        null,
        null,
        null,
        null,
        null,
        null,
        null,
        null,
        null,
        null,
        null,
        null,
        null,
        null,
        null,
        null,
        null,
        null,
        null,
        null,
        null,
        1,
        null,
        null,
        null,
        null,
        null,
        null,
        null,
        null,
        null,
        1,
        null,
        null,
        null,
        null,
        null,
        null,
        null,
        null,
        null,
        null,
        1,
        null,
        null,
        null,
        null,
        null,
        null,
        null,
        null,
        null,
        null,
        null,
        null,
        null,
        null,
        null,
        null,
        null,
        null,
        null,
        null,
        null,
        null,
        null,
        null,
        null,
        null,
        null,
        null,
        null,
        null,
        null,
        null,
        null,
        null,
        null,
        null,
        null,
        null,
        null,
        null,
        null,
        null,
        null,
        null,
        null,
        null,
        null,
        null,
        1,
        null,
        null,
        null,
        null,
        null,
        null,
        null,
        null,
        null,
        null,
        null,
        null,
        null,
        null,
        null,
        1,
        null,
        null,
        null,
        null,
        null,
        null,
        null,
        null,
        null,
        null,
        null,
        null,
        null,
        null,
        null,
        null,
        null,
        null,
        null,
        null,
        null,
        1,
        null,
        null,
        null,
        null,
        null,
        null,
        null,
        null,
        null,
        null,
        null,
        null,
        null,
        null,
        null,
        null,
        null,
        null,
        null,
        null,
        null,
        null,
        null,
        null,
        null,
        null,
        null,
        null,
        null
      ],
      "/Users/NolanC/Git_Projects/reciperoulette/config/initializers/filter_parameter_logging.rb": [
        null,
        null,
        null,
        1
      ],
      "/Users/NolanC/Git_Projects/reciperoulette/config/initializers/inflections.rb": [
        null,
        null,
        null,
        null,
        null,
        null,
        null,
        null,
        null,
        null,
        null,
        null,
        null,
        null,
        null,
        null
      ],
      "/Users/NolanC/Git_Projects/reciperoulette/config/initializers/mime_types.rb": [
        null,
        null,
        null,
        null
      ],
      "/Users/NolanC/Git_Projects/reciperoulette/config/initializers/session_store.rb": [
        null,
        null,
        1
      ],
      "/Users/NolanC/Git_Projects/reciperoulette/config/initializers/wrap_parameters.rb": [
        null,
        null,
        null,
        null,
        null,
        null,
        1,
        1,
        null,
        null,
        null,
        null,
        null,
        null
      ],
      "/Users/NolanC/Git_Projects/reciperoulette/spec/factories/ingredients.rb": [
        null,
        null,
        1,
        1,
        null,
        null
      ],
      "/Users/NolanC/Git_Projects/reciperoulette/spec/factories/pantries.rb": [
        null,
        null,
        1,
        1,
        null,
        null
      ],
      "/Users/NolanC/Git_Projects/reciperoulette/spec/factories/recipes.rb": [
        null,
        null,
        1,
        1,
        null,
        null
      ],
      "/Users/NolanC/Git_Projects/reciperoulette/spec/factories/users.rb": [
        null,
        null,
        1,
        1,
        null,
        null
      ],
      "/Users/NolanC/Git_Projects/reciperoulette/config/routes.rb": [
        1,
        1,
        null,
        null,
        null,
        null,
        1,
        1,
        1,
        1,
        1,
        1,
        1,
        null,
        null,
        null,
        null,
        null,
        null,
        null,
        null,
        null,
        null,
        null,
        null,
        null,
        null,
        null,
        null,
        null,
        null,
        null,
        null,
        null,
        null,
        null,
        null,
        null,
        null,
        null,
        null,
        null,
        null,
        null,
        null,
        null,
        null,
        null,
        null,
        null,
        null,
        null,
        null,
        null,
        null,
        null,
        null,
        null,
        null,
        null,
        null,
        null,
        null,
        null,
        null,
        null,
        null,
        null,
        null
      ],
      "/Users/NolanC/Git_Projects/reciperoulette/app/models/user.rb": [
        1,
        null,
        null,
        1,
        null,
        1,
        1,
        1,
        1,
        1,
        null
      ],
      "/Users/NolanC/Git_Projects/reciperoulette/app/helpers/application_helper.rb": [
        1,
        null
      ],
      "/Users/NolanC/Git_Projects/reciperoulette/app/helpers/recipe_helper.rb": [
        1,
        null
      ],
      "/Users/NolanC/Git_Projects/reciperoulette/app/helpers/user_helper.rb": [
        1,
        null
      ],
      "/Users/NolanC/Git_Projects/reciperoulette/spec/support/controller_helpers.rb": [

      ],
      "/Users/NolanC/Git_Projects/reciperoulette/db/schema.rb": [
        null,
        null,
        null,
        null,
        null,
        null,
        null,
        null,
        null,
        null,
        null,
        null,
        null,
        1,
        null,
        1,
        1,
        1,
        1,
        null,
        null,
        1,
        null,
        1,
        1,
        1,
        null,
        null,
        1,
        1,
        1,
        1,
        null,
        null,
        1,
        1,
        1,
        null,
        null,
        1,
        1,
        null,
        1,
        1,
        1,
        null,
        null,
        1,
        1,
        null,
        1,
        1,
        1,
        1,
        null,
        null,
        1,
        null,
        1,
        1,
        1,
        1,
        1,
        1,
        1,
        1,
        null,
        null,
        1,
        1,
        1,
        null,
        null,
        1,
        1,
        null,
        1,
        1,
        1,
        1,
        1,
        1,
        1,
        1,
        1,
        1,
        1,
        1,
        1,
        null,
        null,
        1,
        1,
        null,
        null
      ],
      "/Users/NolanC/Git_Projects/reciperoulette/app/controllers/recipe_controller.rb": [
        1,
        null,
        1,
        null,
        null,
        1,
        null,
        null,
        1,
        0,
        0,
        null,
        null,
        1,
        null,
        null,
        1,
        null,
        null,
        1,
        null,
        null,
        1,
        null,
        null,
        null
      ],
      "/Users/NolanC/Git_Projects/reciperoulette/app/controllers/application_controller.rb": [
        1,
        null,
        null,
        1,
        null
      ],
      "/Users/NolanC/Git_Projects/reciperoulette/spec/controllers/user_controller_spec.rb": [
        1,
        1,
        null,
        null,
        null,
        null,
        1,
        1,
        1,
        1,
        1,
        1,
        null,
        null,
        1,
        1,
        1,
        1,
        1,
        1,
        0,
        null,
        null,
        null
      ],
      "/Users/NolanC/Git_Projects/reciperoulette/app/controllers/user_controller.rb": [
        1,
        null,
        null,
        1,
        null,
        null,
        1,
        null,
        null,
        1,
        null,
        null,
        1,
        null,
        null,
        1,
        1,
        1,
        1,
        0,
        0,
        0,
        null,
        0,
        0,
        0,
        0,
        null,
        null,
        0,
        null,
        null,
        1,
        null,
        null,
        1,
        null,
        null,
        1,
        0,
        0,
        0,
        null,
        0,
        null,
        null,
        null,
        null,
        null,
        null,
        1,
        0,
        0,
        null,
        0,
        null,
        0,
        null,
        null,
        1,
        0,
        null,
        0,
        0,
        0,
        null,
        0,
        null,
        null,
        1,
        1,
        0,
        0,
        0,
        null,
        0,
        null,
        null,
        null,
        null,
        1,
        0,
        null,
        null,
        1,
        0,
        0,
        0,
        null,
        0,
        null,
        null,
        null,
        1,
        0,
        0,
        null,
        0,
        0,
        0,
        null,
        null,
        0,
        0,
        null,
        null,
        null,
        0,
        0,
        null,
        null,
        0,
        null,
        null,
        null
      ],
      "/Users/NolanC/Git_Projects/reciperoulette/spec/helpers/recipe_helper_spec.rb": [
        1,
        null,
        null,
        null,
        null,
        null,
        null,
        null,
        null,
        null,
        null,
        null,
        null,
        null,
        null
      ],
      "/Users/NolanC/Git_Projects/reciperoulette/spec/helpers/user_helper_spec.rb": [
        1,
        null,
        null,
        null,
        null,
        null,
        null,
        null,
        null,
        null,
        null,
        null,
        null,
        null,
        null
      ],
      "/Users/NolanC/Git_Projects/reciperoulette/spec/models/blockedrecipelist_spec.rb": [
        1,
        null,
        null,
        null,
        null
      ],
      "/Users/NolanC/Git_Projects/reciperoulette/spec/models/ingredient_spec.rb": [
        1,
        null,
        null,
        null,
        null
      ],
      "/Users/NolanC/Git_Projects/reciperoulette/spec/models/pantry_spec.rb": [
        1,
        null,
        null,
        null,
        null
      ],
      "/Users/NolanC/Git_Projects/reciperoulette/spec/models/recipe_spec.rb": [
        1,
        null,
        null,
        null,
        null
      ],
      "/Users/NolanC/Git_Projects/reciperoulette/spec/models/user_spec.rb": [
        1,
        null,
        null,
        null,
        null,
        null,
        null,
        null,
        1,
        1,
        4,
        4,
        null,
        null,
        1,
        1,
        null,
        null,
        1,
        1,
        1,
        1,
        null,
        null,
        1,
        1,
        1,
        1,
        null,
        null,
        1,
        1,
        1,
        null,
        null,
        null,
        null
      ],
      "/Users/NolanC/Git_Projects/reciperoulette/app/models/pantry.rb": [
        1,
        1,
        1,
        null
      ],
      "/Users/NolanC/Git_Projects/reciperoulette/app/models/blockedrecipelist.rb": [
        1,
        1,
        1,
        null
      ],
      "/Users/NolanC/Git_Projects/reciperoulette/app/models/ingredient.rb": [
        1,
        1,
        null,
        1,
        0,
        null,
        null
      ]
    },
    "timestamp": 1414127494
  }
}
